app/build/intermediates/manifest_merge_blame_file/debug/manifest-merger-blame-debug-report.txt
1<?xml version="1.0" encoding="utf-8"?>
2<!--
3 Copyright (c) 2010-2011, The MiCode Open Source Community (www.micode.net)
4
5     Licensed under the Apache License, Version 2.0 (the "License");
6     you may not use this file except in compliance with the License.
7     You may obtain a copy of the License at
8
9          http://www.apache.org/licenses/LICENSE-2.0
10
11     Unless required by applicable law or agreed to in writing, software
12     distributed under the License is distributed on an "AS IS" BASIS,
13     WITHOUT WARRANTIES OR CONDITIONS OF ANY KIND, either express or implied.
14     See the License for the specific language governing permissions and
15     limitations under the License.
16-->
17<!--
18    AndroidManifest.xml文件是整个应用程序的信息描述文件，定义了应用程序中包含的Activity,Service,Content provider和BroadcastReceiver组件信息。
19    每个应用程序在根目录下必须包含一个AndroidManifest.xml文件，且文件名不能修改。
20    它描述了package中暴露的组件，他们各自的实现类，各种能被处理的数据和启动位置。
21-->
22<!--
23    xmlns:android定义android命名空间,一般为http://schemas.android.com/apk/res/android，
24    这样使得Android中各种标准属性能在文件中使用，提供了大部分元素中的数据。
25
26    package
27    指定本应用内java主程序包的包名，它也是一个应用进程的默认名称
28
29    versionCode
30    是给设备程序识别版本(升级)用的必须是一个interger值代表app更新过多少次，比如第一版一般为1，之后若要更新版本就设置为2，3等等。。。
31
32    versionName
33    这个名称是给用户看的，你可以将你的APP版本号设置为1.1版，后续更新版本设置为1.2、2.0版本等等。。。
34-->
35<manifest xmlns:android="http://schemas.android.com/apk/res/android"
36    package="net.micode.notes"
37    android:versionCode="1"
38    android:versionName="0.1" >
39
40    <uses-sdk
40-->src\main\AndroidManifest.xml:42:5-44
41        android:minSdkVersion="14"
41-->src\main\AndroidManifest.xml:42:15-41
42        android:targetSdkVersion="31" />
42-->src\main\AndroidManifest.xml:42:5-44
43
44    <uses-permission android:name="android.permission.WRITE_EXTERNAL_STORAGE" />
44-->src\main\AndroidManifest.xml:44:5-81
44-->src\main\AndroidManifest.xml:44:22-78
45    <uses-permission android:name="com.android.launcher.permission.INSTALL_SHORTCUT" />
45-->src\main\AndroidManifest.xml:45:5-88
45-->src\main\AndroidManifest.xml:45:22-85
46    <uses-permission android:name="android.permission.INTERNET" />
46-->src\main\AndroidManifest.xml:46:5-67
46-->src\main\AndroidManifest.xml:46:22-64
47    <uses-permission android:name="android.permission.READ_CONTACTS" />
47-->src\main\AndroidManifest.xml:47:5-72
47-->src\main\AndroidManifest.xml:47:22-69
48    <uses-permission android:name="android.permission.MANAGE_ACCOUNTS" />
48-->src\main\AndroidManifest.xml:48:5-74
48-->src\main\AndroidManifest.xml:48:22-71
49    <uses-permission android:name="android.permission.AUTHENTICATE_ACCOUNTS" />
49-->src\main\AndroidManifest.xml:49:5-80
49-->src\main\AndroidManifest.xml:49:22-77
50    <uses-permission android:name="android.permission.GET_ACCOUNTS" />
50-->src\main\AndroidManifest.xml:50:5-71
50-->src\main\AndroidManifest.xml:50:22-68
51    <uses-permission android:name="android.permission.USE_CREDENTIALS" />
51-->src\main\AndroidManifest.xml:51:5-74
51-->src\main\AndroidManifest.xml:51:22-71
52    <uses-permission android:name="android.permission.RECEIVE_BOOT_COMPLETED" />
52-->src\main\AndroidManifest.xml:52:5-81
52-->src\main\AndroidManifest.xml:52:22-78
53
54    <application
54-->src\main\AndroidManifest.xml:54:5-177:19
55        android:appComponentFactory="android.support.v4.app.CoreComponentFactory"
55-->[com.android.support:support-compat:28.0.0] AndroidManifest.xml:22:18-91
56        android:debuggable="true"
57        android:icon="@drawable/icon_app"
57-->src\main\AndroidManifest.xml:55:9-42
58        android:label="@string/app_name"
58-->src\main\AndroidManifest.xml:56:9-41
59        android:testOnly="true" >
60        <activity
60-->src\main\AndroidManifest.xml:57:9-71:20
61            android:name="net.micode.notes.ui.NotesListActivity"
61-->src\main\AndroidManifest.xml:59:13-49
62            android:configChanges="keyboardHidden|orientation|screenSize"
62-->src\main\AndroidManifest.xml:60:13-74
63            android:exported="true"
63-->src\main\AndroidManifest.xml:58:13-36
64            android:label="@string/app_name"
64-->src\main\AndroidManifest.xml:61:13-45
65            android:launchMode="singleTop"
65-->src\main\AndroidManifest.xml:62:13-43
66            android:theme="@style/Theme.AppCompat.Light.DarkActionBar"
66-->src\main\AndroidManifest.xml:63:13-71
67            android:uiOptions="splitActionBarWhenNarrow"
67-->src\main\AndroidManifest.xml:64:13-57
68            android:windowSoftInputMode="adjustPan" >
68-->src\main\AndroidManifest.xml:65:13-52
69            <intent-filter>
69-->src\main\AndroidManifest.xml:67:13-70:29
70                <action android:name="android.intent.action.MAIN" />
70-->src\main\AndroidManifest.xml:68:17-69
70-->src\main\AndroidManifest.xml:68:25-66
71
72                <category android:name="android.intent.category.LAUNCHER" />
72-->src\main\AndroidManifest.xml:69:17-77
72-->src\main\AndroidManifest.xml:69:27-74
73            </intent-filter>
74        </activity>
75        <activity
75-->src\main\AndroidManifest.xml:73:9-103:20
76            android:name="net.micode.notes.ui.NoteEditActivity"
76-->src\main\AndroidManifest.xml:75:13-48
77            android:configChanges="keyboardHidden|orientation|screenSize"
77-->src\main\AndroidManifest.xml:76:13-74
78            android:exported="true"
78-->src\main\AndroidManifest.xml:74:13-36
79            android:launchMode="singleTop"
79-->src\main\AndroidManifest.xml:77:13-43
80            android:theme="@style/Theme.AppCompat.Light.DarkActionBar" >
80-->src\main\AndroidManifest.xml:78:13-71
81            <intent-filter android:scheme="http" >
81-->src\main\AndroidManifest.xml:80:13-86:29
81-->src\main\AndroidManifest.xml:80:28-49
82                <action android:name="android.intent.action.VIEW" />
82-->src\main\AndroidManifest.xml:82:17-69
82-->src\main\AndroidManifest.xml:82:25-66
83
84                <category android:name="android.intent.category.DEFAULT" />
84-->src\main\AndroidManifest.xml:83:17-76
84-->src\main\AndroidManifest.xml:83:27-73
85
86                <data android:mimeType="vnd.android.cursor.item/text_note" />
86-->src\main\AndroidManifest.xml:84:17-78
86-->src\main\AndroidManifest.xml:84:23-75
87                <data android:mimeType="vnd.android.cursor.item/call_note" />
87-->src\main\AndroidManifest.xml:84:17-78
87-->src\main\AndroidManifest.xml:84:23-75
88            </intent-filter>
89            <intent-filter>
89-->src\main\AndroidManifest.xml:88:13-93:29
90                <action android:name="android.intent.action.INSERT_OR_EDIT" />
90-->src\main\AndroidManifest.xml:89:17-79
90-->src\main\AndroidManifest.xml:89:25-76
91
92                <category android:name="android.intent.category.DEFAULT" />
92-->src\main\AndroidManifest.xml:83:17-76
92-->src\main\AndroidManifest.xml:83:27-73
93
94                <data android:mimeType="vnd.android.cursor.item/text_note" />
94-->src\main\AndroidManifest.xml:84:17-78
94-->src\main\AndroidManifest.xml:84:23-75
95                <data android:mimeType="vnd.android.cursor.item/call_note" />
95-->src\main\AndroidManifest.xml:84:17-78
95-->src\main\AndroidManifest.xml:84:23-75
96            </intent-filter>
97            <intent-filter>
97-->src\main\AndroidManifest.xml:95:13-98:29
98                <action android:name="android.intent.action.SEARCH" />
98-->src\main\AndroidManifest.xml:96:17-71
98-->src\main\AndroidManifest.xml:96:25-68
99
100                <category android:name="android.intent.category.DEFAULT" />
100-->src\main\AndroidManifest.xml:83:17-76
100-->src\main\AndroidManifest.xml:83:27-73
101            </intent-filter>
102
103            <meta-data
103-->src\main\AndroidManifest.xml:100:13-102:54
104                android:name="android.app.searchable"
104-->src\main\AndroidManifest.xml:101:17-54
105                android:resource="@xml/searchable" />
105-->src\main\AndroidManifest.xml:102:17-51
106        </activity>
107
108        <provider
108-->src\main\AndroidManifest.xml:105:9-109:40
109            android:name="net.micode.notes.data.NotesProvider"
109-->src\main\AndroidManifest.xml:106:13-63
110            android:authorities="micode_notes"
110-->src\main\AndroidManifest.xml:107:13-47
111            android:exported="false"
111-->src\main\AndroidManifest.xml:109:13-37
112            android:multiprocess="true" />
112-->src\main\AndroidManifest.xml:108:13-40
113
114        <receiver
114-->src\main\AndroidManifest.xml:111:9-124:20
115            android:name="net.micode.notes.widget.NoteWidgetProvider_2x"
115-->src\main\AndroidManifest.xml:112:13-57
116            android:exported="true"
116-->src\main\AndroidManifest.xml:114:13-36
117            android:label="@string/app_widget2x2" >
117-->src\main\AndroidManifest.xml:113:13-50
118            <intent-filter>
118-->src\main\AndroidManifest.xml:115:13-119:29
119                <action android:name="android.appwidget.action.APPWIDGET_UPDATE" />
119-->src\main\AndroidManifest.xml:116:17-84
119-->src\main\AndroidManifest.xml:116:25-81
120                <action android:name="android.appwidget.action.APPWIDGET_DELETED" />
120-->src\main\AndroidManifest.xml:117:17-85
120-->src\main\AndroidManifest.xml:117:25-82
121                <action android:name="android.intent.action.PRIVACY_MODE_CHANGED" />
121-->src\main\AndroidManifest.xml:118:17-85
121-->src\main\AndroidManifest.xml:118:25-82
122            </intent-filter>
123
124            <meta-data
124-->src\main\AndroidManifest.xml:121:13-123:58
125                android:name="android.appwidget.provider"
125-->src\main\AndroidManifest.xml:122:17-58
126                android:resource="@xml/widget_2x_info" />
126-->src\main\AndroidManifest.xml:123:17-55
127        </receiver>
128        <receiver
128-->src\main\AndroidManifest.xml:125:9-139:20
129            android:name="net.micode.notes.widget.NoteWidgetProvider_4x"
129-->src\main\AndroidManifest.xml:126:13-57
130            android:exported="true"
130-->src\main\AndroidManifest.xml:128:13-36
131            android:label="@string/app_widget4x4" >
131-->src\main\AndroidManifest.xml:127:13-50
132            <intent-filter>
132-->src\main\AndroidManifest.xml:115:13-119:29
133                <action android:name="android.appwidget.action.APPWIDGET_UPDATE" />
133-->src\main\AndroidManifest.xml:116:17-84
133-->src\main\AndroidManifest.xml:116:25-81
134                <action android:name="android.appwidget.action.APPWIDGET_DELETED" />
134-->src\main\AndroidManifest.xml:117:17-85
134-->src\main\AndroidManifest.xml:117:25-82
135                <action android:name="android.intent.action.PRIVACY_MODE_CHANGED" />
135-->src\main\AndroidManifest.xml:118:17-85
135-->src\main\AndroidManifest.xml:118:25-82
136            </intent-filter>
137
138            <meta-data
138-->src\main\AndroidManifest.xml:121:13-123:58
139                android:name="android.appwidget.provider"
139-->src\main\AndroidManifest.xml:122:17-58
140                android:resource="@xml/widget_4x_info" />
140-->src\main\AndroidManifest.xml:123:17-55
141        </receiver>
142        <receiver
142-->src\main\AndroidManifest.xml:141:9-146:20
143            android:name="net.micode.notes.ui.AlarmInitReceiver"
143-->src\main\AndroidManifest.xml:141:19-55
144            android:exported="true" >
144-->src\main\AndroidManifest.xml:142:13-36
145            <intent-filter>
145-->src\main\AndroidManifest.xml:143:13-145:29
146                <action android:name="android.intent.action.BOOT_COMPLETED" />
146-->src\main\AndroidManifest.xml:144:17-79
146-->src\main\AndroidManifest.xml:144:25-76
147            </intent-filter>
148        </receiver>
149        <receiver
149-->src\main\AndroidManifest.xml:148:9-151:20
150            android:name="net.micode.notes.ui.AlarmReceiver"
150-->src\main\AndroidManifest.xml:149:13-61
151            android:process=":remote" >
151-->src\main\AndroidManifest.xml:150:13-38
152        </receiver>
153
154        <activity
154-->src\main\AndroidManifest.xml:153:9-159:20
155            android:name="net.micode.notes.ui.AlarmAlertActivity"
155-->src\main\AndroidManifest.xml:155:13-50
156            android:exported="true"
156-->src\main\AndroidManifest.xml:154:13-36
157            android:label="@string/app_name"
157-->src\main\AndroidManifest.xml:156:13-45
158            android:launchMode="singleInstance"
158-->src\main\AndroidManifest.xml:157:13-48
159            android:theme="@android:style/Theme.Holo.Wallpaper.NoTitleBar" >
159-->src\main\AndroidManifest.xml:158:13-75
160        </activity>
161        <activity
161-->src\main\AndroidManifest.xml:161:9-167:20
162            android:name="net.micode.notes.ui.NotesPreferenceActivity"
162-->src\main\AndroidManifest.xml:163:13-71
163            android:exported="true"
163-->src\main\AndroidManifest.xml:162:13-36
164            android:label="@string/preferences_title"
164-->src\main\AndroidManifest.xml:164:13-54
165            android:launchMode="singleTop"
165-->src\main\AndroidManifest.xml:165:13-43
166            android:theme="@android:style/Theme.Holo.Light" >
166-->src\main\AndroidManifest.xml:166:13-60
167        </activity>
168
169        <service
169-->src\main\AndroidManifest.xml:169:9-172:19
170            android:name="net.micode.notes.gtask.remote.GTaskSyncService"
170-->src\main\AndroidManifest.xml:170:13-74
171            android:exported="false" >
171-->src\main\AndroidManifest.xml:171:13-37
172        </service>
173
174        <meta-data
174-->src\main\AndroidManifest.xml:174:9-176:52
175            android:name="android.app.default_searchable"
175-->src\main\AndroidManifest.xml:175:13-58
176            android:value=".ui.NoteEditActivity" />
176-->src\main\AndroidManifest.xml:176:13-49
177    </application>
178
179</manifest>